<?xml version="1.0" encoding="UTF-8"?>
<!-- Generated by org.testng.reporters.JUnitReportReporter -->
<testsuite hostname="BOLD-KapilV" name="UserRegistrationForm.CreateUser" tests="1" failures="0" timestamp="3 Nov 2017 11:05:40 GMT" time="11.030" errors="0">
  <testcase name="testRegistrationForm" time="11.030" classname="UserRegistrationForm.CreateUser"/>
</testsuite> <!-- UserRegistrationForm.CreateUser -->
